<?xml version="1.0" encoding="UTF-8"?>
<testsuite name="org.example.mutant.MutantApplicationTests" tests="1" skipped="0" failures="0" errors="0" timestamp="2024-10-14T19:46:29" hostname="DESKTOP-FK5UOOF" time="0.359">
  <properties/>
  <testcase name="contextLoads()" classname="org.example.mutant.MutantApplicationTests" time="0.359"/>
  <system-out><![CDATA[16:46:25.559 [Test worker] INFO org.springframework.test.context.support.AnnotationConfigContextLoaderUtils -- Could not detect default configuration classes for test class [org.example.mutant.MutantApplicationTests]: MutantApplicationTests does not declare any static, non-private, non-final, nested classes annotated with @Configuration.
16:46:25.659 [Test worker] INFO org.springframework.boot.test.context.SpringBootTestContextBootstrapper -- Found @SpringBootConfiguration org.example.mutant.MutantApplication for test class org.example.mutant.MutantApplicationTests

  .   ____          _            __ _ _
 /\\ / ___'_ __ _ _(_)_ __  __ _ \ \ \ \
( ( )\___ | '_ | '_| | '_ \/ _` | \ \ \ \
 \\/  ___)| |_)| | | | | || (_| |  ) ) ) )
  '  |____| .__|_| |_|_| |_\__, | / / / /
 =========|_|==============|___/=/_/_/_/

 :: Spring Boot ::                (v3.3.4)

2024-10-14T16:46:25.968-03:00  INFO 8652 --- [Mutant] [    Test worker] o.example.mutant.MutantApplicationTests  : Starting MutantApplicationTests using Java 17.0.12 with PID 8652 (started by Usuario in C:\Users\Usuario\Desktop\MutantM)
2024-10-14T16:46:25.969-03:00  INFO 8652 --- [Mutant] [    Test worker] o.example.mutant.MutantApplicationTests  : No active profile set, falling back to 1 default profile: "default"
2024-10-14T16:46:26.510-03:00  INFO 8652 --- [Mutant] [    Test worker] .s.d.r.c.RepositoryConfigurationDelegate : Bootstrapping Spring Data JPA repositories in DEFAULT mode.
2024-10-14T16:46:26.555-03:00  INFO 8652 --- [Mutant] [    Test worker] .s.d.r.c.RepositoryConfigurationDelegate : Finished Spring Data repository scanning in 37 ms. Found 2 JPA repository interfaces.
2024-10-14T16:46:26.992-03:00  INFO 8652 --- [Mutant] [    Test worker] o.hibernate.jpa.internal.util.LogHelper  : HHH000204: Processing PersistenceUnitInfo [name: default]
2024-10-14T16:46:27.038-03:00  INFO 8652 --- [Mutant] [    Test worker] org.hibernate.Version                    : HHH000412: Hibernate ORM core version 6.5.3.Final
2024-10-14T16:46:27.068-03:00  INFO 8652 --- [Mutant] [    Test worker] o.h.c.internal.RegionFactoryInitiator    : HHH000026: Second-level cache disabled
2024-10-14T16:46:27.337-03:00  INFO 8652 --- [Mutant] [    Test worker] o.s.o.j.p.SpringPersistenceUnitInfo      : No LoadTimeWeaver setup: ignoring JPA class transformer
2024-10-14T16:46:27.366-03:00  INFO 8652 --- [Mutant] [    Test worker] com.zaxxer.hikari.HikariDataSource       : HikariPool-1 - Starting...
2024-10-14T16:46:27.520-03:00  INFO 8652 --- [Mutant] [    Test worker] com.zaxxer.hikari.pool.HikariPool        : HikariPool-1 - Added connection conn0: url=jdbc:h2:mem:Mutant user=SA
2024-10-14T16:46:27.522-03:00  INFO 8652 --- [Mutant] [    Test worker] com.zaxxer.hikari.HikariDataSource       : HikariPool-1 - Start completed.
2024-10-14T16:46:27.543-03:00  WARN 8652 --- [Mutant] [    Test worker] org.hibernate.orm.deprecation            : HHH90000025: H2Dialect does not need to be specified explicitly using 'hibernate.dialect' (remove the property setting and it will be selected by default)
2024-10-14T16:46:28.333-03:00  INFO 8652 --- [Mutant] [    Test worker] o.h.e.t.j.p.i.JtaPlatformInitiator       : HHH000489: No JTA platform available (set 'hibernate.transaction.jta.platform' to enable JTA platform integration)
Hibernate: create table persona (id bigint not null, is_mutant boolean not null, primary key (id))
Hibernate: create table persona_adn (persona_id bigint not null, adn varchar(255))
Hibernate: create table stat (id bigint not null, contar_humanos bigint, contar_mutantes bigint, ratio float(53), primary key (id))
Hibernate: create sequence persona_seq start with 1 increment by 50
Hibernate: create sequence stat_seq start with 1 increment by 50
Hibernate: alter table if exists persona_adn add constraint FK853fw9g9p2pal7nyxvm36eoj3 foreign key (persona_id) references persona
2024-10-14T16:46:28.377-03:00  INFO 8652 --- [Mutant] [    Test worker] j.LocalContainerEntityManagerFactoryBean : Initialized JPA EntityManagerFactory for persistence unit 'default'
2024-10-14T16:46:28.761-03:00  WARN 8652 --- [Mutant] [    Test worker] JpaBaseConfiguration$JpaWebConfiguration : spring.jpa.open-in-view is enabled by default. Therefore, database queries may be performed during view rendering. Explicitly configure spring.jpa.open-in-view to disable this warning
2024-10-14T16:46:29.315-03:00  INFO 8652 --- [Mutant] [    Test worker] o.s.b.a.h2.H2ConsoleAutoConfiguration    : H2 console available at '/h2-console'. Database available at 'jdbc:h2:mem:Mutant'
2024-10-14T16:46:29.370-03:00  INFO 8652 --- [Mutant] [    Test worker] o.example.mutant.MutantApplicationTests  : Started MutantApplicationTests in 3.586 seconds (process running for 4.579)
]]></system-out>
  <system-err><![CDATA[]]></system-err>
</testsuite>
